Time resolution is 1 ps
Loading timesets for 'sim_top_u250.instance_of_rdimm_slots[0].u_ddr4_rdimm_wrapper.rcd_enabled.genblk1.u_ddr4_dimm.rank_instances[0].even_ranks.u_ddr4_rank.Micron_model.instance_of_sdram_devices[0].micron_mem_model.u_ddr4_model.LoadTiming' @0
	Loaded timeset:TS_1875
	Loaded timeset:TS_1500
	Loaded timeset:TS_1250
	Loaded timeset:TS_1072
	Loaded timeset:TS_938
	Loaded timeset:TS_833
	Loaded timeset:TS_750
	Loaded timeset:TS_682
	Loaded timeset:TS_625
Model based on DDR4 DDS version 0.999 6/06/2014 (build data 5/06/2016)
sim_top_u250.instance_of_rdimm_slots[0].u_ddr4_rdimm_wrapper.rcd_enabled.genblk1.u_ddr4_dimm.rank_instances[0].even_ranks.u_ddr4_rank.Micron_model.instance_of_sdram_devices[0].micron_mem_model.u_ddr4_model:Configured as x4 8G stack:1
Loading timesets for 'sim_top_u250.instance_of_rdimm_slots[0].u_ddr4_rdimm_wrapper.rcd_enabled.genblk1.u_ddr4_dimm.rank_instances[0].even_ranks.u_ddr4_rank.Micron_model.instance_of_sdram_devices[1].micron_mem_model.u_ddr4_model.LoadTiming' @0
	Loaded timeset:TS_1875
	Loaded timeset:TS_1500
	Loaded timeset:TS_1250
	Loaded timeset:TS_1072
	Loaded timeset:TS_938
	Loaded timeset:TS_833
	Loaded timeset:TS_750
	Loaded timeset:TS_682
	Loaded timeset:TS_625
Model based on DDR4 DDS version 0.999 6/06/2014 (build data 5/06/2016)
sim_top_u250.instance_of_rdimm_slots[0].u_ddr4_rdimm_wrapper.rcd_enabled.genblk1.u_ddr4_dimm.rank_instances[0].even_ranks.u_ddr4_rank.Micron_model.instance_of_sdram_devices[1].micron_mem_model.u_ddr4_model:Configured as x4 8G stack:1
Loading timesets for 'sim_top_u250.instance_of_rdimm_slots[0].u_ddr4_rdimm_wrapper.rcd_enabled.genblk1.u_ddr4_dimm.rank_instances[0].even_ranks.u_ddr4_rank.Micron_model.instance_of_sdram_devices[2].micron_mem_model.u_ddr4_model.LoadTiming' @0
	Loaded timeset:TS_1875
	Loaded timeset:TS_1500
	Loaded timeset:TS_1250
	Loaded timeset:TS_1072
	Loaded timeset:TS_938
	Loaded timeset:TS_833
	Loaded timeset:TS_750
	Loaded timeset:TS_682
	Loaded timeset:TS_625
Model based on DDR4 DDS version 0.999 6/06/2014 (build data 5/06/2016)
sim_top_u250.instance_of_rdimm_slots[0].u_ddr4_rdimm_wrapper.rcd_enabled.genblk1.u_ddr4_dimm.rank_instances[0].even_ranks.u_ddr4_rank.Micron_model.instance_of_sdram_devices[2].micron_mem_model.u_ddr4_model:Configured as x4 8G stack:1
Loading timesets for 'sim_top_u250.instance_of_rdimm_slots[0].u_ddr4_rdimm_wrapper.rcd_enabled.genblk1.u_ddr4_dimm.rank_instances[0].even_ranks.u_ddr4_rank.Micron_model.instance_of_sdram_devices[3].micron_mem_model.u_ddr4_model.LoadTiming' @0
	Loaded timeset:TS_1875
	Loaded timeset:TS_1500
	Loaded timeset:TS_1250
	Loaded timeset:TS_1072
	Loaded timeset:TS_938
	Loaded timeset:TS_833
	Loaded timeset:TS_750
	Loaded timeset:TS_682
	Loaded timeset:TS_625
Model based on DDR4 DDS version 0.999 6/06/2014 (build data 5/06/2016)
sim_top_u250.instance_of_rdimm_slots[0].u_ddr4_rdimm_wrapper.rcd_enabled.genblk1.u_ddr4_dimm.rank_instances[0].even_ranks.u_ddr4_rank.Micron_model.instance_of_sdram_devices[3].micron_mem_model.u_ddr4_model:Configured as x4 8G stack:1
Loading timesets for 'sim_top_u250.instance_of_rdimm_slots[0].u_ddr4_rdimm_wrapper.rcd_enabled.genblk1.u_ddr4_dimm.rank_instances[0].even_ranks.u_ddr4_rank.Micron_model.instance_of_sdram_devices[4].micron_mem_model.u_ddr4_model.LoadTiming' @0
	Loaded timeset:TS_1875
	Loaded timeset:TS_1500
	Loaded timeset:TS_1250
	Loaded timeset:TS_1072
	Loaded timeset:TS_938
	Loaded timeset:TS_833
	Loaded timeset:TS_750
	Loaded timeset:TS_682
	Loaded timeset:TS_625
Model based on DDR4 DDS version 0.999 6/06/2014 (build data 5/06/2016)
sim_top_u250.instance_of_rdimm_slots[0].u_ddr4_rdimm_wrapper.rcd_enabled.genblk1.u_ddr4_dimm.rank_instances[0].even_ranks.u_ddr4_rank.Micron_model.instance_of_sdram_devices[4].micron_mem_model.u_ddr4_model:Configured as x4 8G stack:1
Loading timesets for 'sim_top_u250.instance_of_rdimm_slots[0].u_ddr4_rdimm_wrapper.rcd_enabled.genblk1.u_ddr4_dimm.rank_instances[0].even_ranks.u_ddr4_rank.Micron_model.instance_of_sdram_devices[5].micron_mem_model.u_ddr4_model.LoadTiming' @0
	Loaded timeset:TS_1875
	Loaded timeset:TS_1500
	Loaded timeset:TS_1250
	Loaded timeset:TS_1072
	Loaded timeset:TS_938
	Loaded timeset:TS_833
	Loaded timeset:TS_750
	Loaded timeset:TS_682
	Loaded timeset:TS_625
Model based on DDR4 DDS version 0.999 6/06/2014 (build data 5/06/2016)
sim_top_u250.instance_of_rdimm_slots[0].u_ddr4_rdimm_wrapper.rcd_enabled.genblk1.u_ddr4_dimm.rank_instances[0].even_ranks.u_ddr4_rank.Micron_model.instance_of_sdram_devices[5].micron_mem_model.u_ddr4_model:Configured as x4 8G stack:1
Loading timesets for 'sim_top_u250.instance_of_rdimm_slots[0].u_ddr4_rdimm_wrapper.rcd_enabled.genblk1.u_ddr4_dimm.rank_instances[0].even_ranks.u_ddr4_rank.Micron_model.instance_of_sdram_devices[6].micron_mem_model.u_ddr4_model.LoadTiming' @0
	Loaded timeset:TS_1875
	Loaded timeset:TS_1500
	Loaded timeset:TS_1250
	Loaded timeset:TS_1072
	Loaded timeset:TS_938
	Loaded timeset:TS_833
	Loaded timeset:TS_750
	Loaded timeset:TS_682
	Loaded timeset:TS_625
Model based on DDR4 DDS version 0.999 6/06/2014 (build data 5/06/2016)
sim_top_u250.instance_of_rdimm_slots[0].u_ddr4_rdimm_wrapper.rcd_enabled.genblk1.u_ddr4_dimm.rank_instances[0].even_ranks.u_ddr4_rank.Micron_model.instance_of_sdram_devices[6].micron_mem_model.u_ddr4_model:Configured as x4 8G stack:1
Loading timesets for 'sim_top_u250.instance_of_rdimm_slots[0].u_ddr4_rdimm_wrapper.rcd_enabled.genblk1.u_ddr4_dimm.rank_instances[0].even_ranks.u_ddr4_rank.Micron_model.instance_of_sdram_devices[7].micron_mem_model.u_ddr4_model.LoadTiming' @0
	Loaded timeset:TS_1875
	Loaded timeset:TS_1500
	Loaded timeset:TS_1250
	Loaded timeset:TS_1072
	Loaded timeset:TS_938
	Loaded timeset:TS_833
	Loaded timeset:TS_750
	Loaded timeset:TS_682
	Loaded timeset:TS_625
Model based on DDR4 DDS version 0.999 6/06/2014 (build data 5/06/2016)
sim_top_u250.instance_of_rdimm_slots[0].u_ddr4_rdimm_wrapper.rcd_enabled.genblk1.u_ddr4_dimm.rank_instances[0].even_ranks.u_ddr4_rank.Micron_model.instance_of_sdram_devices[7].micron_mem_model.u_ddr4_model:Configured as x4 8G stack:1
Loading timesets for 'sim_top_u250.instance_of_rdimm_slots[0].u_ddr4_rdimm_wrapper.rcd_enabled.genblk1.u_ddr4_dimm.rank_instances[0].even_ranks.u_ddr4_rank.Micron_model.instance_of_sdram_devices[8].micron_mem_model.u_ddr4_model.LoadTiming' @0
	Loaded timeset:TS_1875
	Loaded timeset:TS_1500
	Loaded timeset:TS_1250
	Loaded timeset:TS_1072
	Loaded timeset:TS_938
	Loaded timeset:TS_833
	Loaded timeset:TS_750
	Loaded timeset:TS_682
	Loaded timeset:TS_625
Model based on DDR4 DDS version 0.999 6/06/2014 (build data 5/06/2016)
sim_top_u250.instance_of_rdimm_slots[0].u_ddr4_rdimm_wrapper.rcd_enabled.genblk1.u_ddr4_dimm.rank_instances[0].even_ranks.u_ddr4_rank.Micron_model.instance_of_sdram_devices[8].micron_mem_model.u_ddr4_model:Configured as x4 8G stack:1
Loading timesets for 'sim_top_u250.instance_of_rdimm_slots[0].u_ddr4_rdimm_wrapper.rcd_enabled.genblk1.u_ddr4_dimm.rank_instances[0].even_ranks.u_ddr4_rank.Micron_model.instance_of_sdram_devices[9].micron_mem_model.u_ddr4_model.LoadTiming' @0
	Loaded timeset:TS_1875
	Loaded timeset:TS_1500
	Loaded timeset:TS_1250
	Loaded timeset:TS_1072
	Loaded timeset:TS_938
	Loaded timeset:TS_833
	Loaded timeset:TS_750
	Loaded timeset:TS_682
	Loaded timeset:TS_625
Model based on DDR4 DDS version 0.999 6/06/2014 (build data 5/06/2016)
sim_top_u250.instance_of_rdimm_slots[0].u_ddr4_rdimm_wrapper.rcd_enabled.genblk1.u_ddr4_dimm.rank_instances[0].even_ranks.u_ddr4_rank.Micron_model.instance_of_sdram_devices[9].micron_mem_model.u_ddr4_model:Configured as x4 8G stack:1
Loading timesets for 'sim_top_u250.instance_of_rdimm_slots[0].u_ddr4_rdimm_wrapper.rcd_enabled.genblk1.u_ddr4_dimm.rank_instances[0].even_ranks.u_ddr4_rank.Micron_model.instance_of_sdram_devices[10].micron_mem_model.u_ddr4_model.LoadTiming' @0
	Loaded timeset:TS_1875
	Loaded timeset:TS_1500
	Loaded timeset:TS_1250
	Loaded timeset:TS_1072
	Loaded timeset:TS_938
	Loaded timeset:TS_833
	Loaded timeset:TS_750
	Loaded timeset:TS_682
	Loaded timeset:TS_625
Model based on DDR4 DDS version 0.999 6/06/2014 (build data 5/06/2016)
sim_top_u250.instance_of_rdimm_slots[0].u_ddr4_rdimm_wrapper.rcd_enabled.genblk1.u_ddr4_dimm.rank_instances[0].even_ranks.u_ddr4_rank.Micron_model.instance_of_sdram_devices[10].micron_mem_model.u_ddr4_model:Configured as x4 8G stack:1
Loading timesets for 'sim_top_u250.instance_of_rdimm_slots[0].u_ddr4_rdimm_wrapper.rcd_enabled.genblk1.u_ddr4_dimm.rank_instances[0].even_ranks.u_ddr4_rank.Micron_model.instance_of_sdram_devices[11].micron_mem_model.u_ddr4_model.LoadTiming' @0
	Loaded timeset:TS_1875
	Loaded timeset:TS_1500
	Loaded timeset:TS_1250
	Loaded timeset:TS_1072
	Loaded timeset:TS_938
	Loaded timeset:TS_833
	Loaded timeset:TS_750
	Loaded timeset:TS_682
	Loaded timeset:TS_625
Model based on DDR4 DDS version 0.999 6/06/2014 (build data 5/06/2016)
sim_top_u250.instance_of_rdimm_slots[0].u_ddr4_rdimm_wrapper.rcd_enabled.genblk1.u_ddr4_dimm.rank_instances[0].even_ranks.u_ddr4_rank.Micron_model.instance_of_sdram_devices[11].micron_mem_model.u_ddr4_model:Configured as x4 8G stack:1
Loading timesets for 'sim_top_u250.instance_of_rdimm_slots[0].u_ddr4_rdimm_wrapper.rcd_enabled.genblk1.u_ddr4_dimm.rank_instances[0].even_ranks.u_ddr4_rank.Micron_model.instance_of_sdram_devices[12].micron_mem_model.u_ddr4_model.LoadTiming' @0
	Loaded timeset:TS_1875
	Loaded timeset:TS_1500
	Loaded timeset:TS_1250
	Loaded timeset:TS_1072
	Loaded timeset:TS_938
	Loaded timeset:TS_833
	Loaded timeset:TS_750
	Loaded timeset:TS_682
	Loaded timeset:TS_625
Model based on DDR4 DDS version 0.999 6/06/2014 (build data 5/06/2016)
sim_top_u250.instance_of_rdimm_slots[0].u_ddr4_rdimm_wrapper.rcd_enabled.genblk1.u_ddr4_dimm.rank_instances[0].even_ranks.u_ddr4_rank.Micron_model.instance_of_sdram_devices[12].micron_mem_model.u_ddr4_model:Configured as x4 8G stack:1
Loading timesets for 'sim_top_u250.instance_of_rdimm_slots[0].u_ddr4_rdimm_wrapper.rcd_enabled.genblk1.u_ddr4_dimm.rank_instances[0].even_ranks.u_ddr4_rank.Micron_model.instance_of_sdram_devices[13].micron_mem_model.u_ddr4_model.LoadTiming' @0
	Loaded timeset:TS_1875
	Loaded timeset:TS_1500
	Loaded timeset:TS_1250
	Loaded timeset:TS_1072
	Loaded timeset:TS_938
	Loaded timeset:TS_833
	Loaded timeset:TS_750
	Loaded timeset:TS_682
	Loaded timeset:TS_625
Model based on DDR4 DDS version 0.999 6/06/2014 (build data 5/06/2016)
sim_top_u250.instance_of_rdimm_slots[0].u_ddr4_rdimm_wrapper.rcd_enabled.genblk1.u_ddr4_dimm.rank_instances[0].even_ranks.u_ddr4_rank.Micron_model.instance_of_sdram_devices[13].micron_mem_model.u_ddr4_model:Configured as x4 8G stack:1
Loading timesets for 'sim_top_u250.instance_of_rdimm_slots[0].u_ddr4_rdimm_wrapper.rcd_enabled.genblk1.u_ddr4_dimm.rank_instances[0].even_ranks.u_ddr4_rank.Micron_model.instance_of_sdram_devices[14].micron_mem_model.u_ddr4_model.LoadTiming' @0
	Loaded timeset:TS_1875
	Loaded timeset:TS_1500
	Loaded timeset:TS_1250
	Loaded timeset:TS_1072
	Loaded timeset:TS_938
	Loaded timeset:TS_833
	Loaded timeset:TS_750
	Loaded timeset:TS_682
	Loaded timeset:TS_625
Model based on DDR4 DDS version 0.999 6/06/2014 (build data 5/06/2016)
sim_top_u250.instance_of_rdimm_slots[0].u_ddr4_rdimm_wrapper.rcd_enabled.genblk1.u_ddr4_dimm.rank_instances[0].even_ranks.u_ddr4_rank.Micron_model.instance_of_sdram_devices[14].micron_mem_model.u_ddr4_model:Configured as x4 8G stack:1
Loading timesets for 'sim_top_u250.instance_of_rdimm_slots[0].u_ddr4_rdimm_wrapper.rcd_enabled.genblk1.u_ddr4_dimm.rank_instances[0].even_ranks.u_ddr4_rank.Micron_model.instance_of_sdram_devices[15].micron_mem_model.u_ddr4_model.LoadTiming' @0
	Loaded timeset:TS_1875
	Loaded timeset:TS_1500
	Loaded timeset:TS_1250
	Loaded timeset:TS_1072
	Loaded timeset:TS_938
	Loaded timeset:TS_833
	Loaded timeset:TS_750
	Loaded timeset:TS_682
	Loaded timeset:TS_625
Model based on DDR4 DDS version 0.999 6/06/2014 (build data 5/06/2016)
sim_top_u250.instance_of_rdimm_slots[0].u_ddr4_rdimm_wrapper.rcd_enabled.genblk1.u_ddr4_dimm.rank_instances[0].even_ranks.u_ddr4_rank.Micron_model.instance_of_sdram_devices[15].micron_mem_model.u_ddr4_model:Configured as x4 8G stack:1
Loading timesets for 'sim_top_u250.instance_of_rdimm_slots[0].u_ddr4_rdimm_wrapper.rcd_enabled.genblk1.u_ddr4_dimm.rank_instances[0].even_ranks.u_ddr4_rank.Micron_model.instance_of_sdram_devices[16].micron_mem_model.u_ddr4_model.LoadTiming' @0
	Loaded timeset:TS_1875
	Loaded timeset:TS_1500
	Loaded timeset:TS_1250
	Loaded timeset:TS_1072
	Loaded timeset:TS_938
	Loaded timeset:TS_833
	Loaded timeset:TS_750
	Loaded timeset:TS_682
	Loaded timeset:TS_625
Model based on DDR4 DDS version 0.999 6/06/2014 (build data 5/06/2016)
sim_top_u250.instance_of_rdimm_slots[0].u_ddr4_rdimm_wrapper.rcd_enabled.genblk1.u_ddr4_dimm.rank_instances[0].even_ranks.u_ddr4_rank.Micron_model.instance_of_sdram_devices[16].micron_mem_model.u_ddr4_model:Configured as x4 8G stack:1
Loading timesets for 'sim_top_u250.instance_of_rdimm_slots[0].u_ddr4_rdimm_wrapper.rcd_enabled.genblk1.u_ddr4_dimm.rank_instances[0].even_ranks.u_ddr4_rank.Micron_model.instance_of_sdram_devices[17].micron_mem_model.u_ddr4_model.LoadTiming' @0
	Loaded timeset:TS_1875
	Loaded timeset:TS_1500
	Loaded timeset:TS_1250
	Loaded timeset:TS_1072
	Loaded timeset:TS_938
	Loaded timeset:TS_833
	Loaded timeset:TS_750
	Loaded timeset:TS_682
	Loaded timeset:TS_625
Model based on DDR4 DDS version 0.999 6/06/2014 (build data 5/06/2016)
sim_top_u250.instance_of_rdimm_slots[0].u_ddr4_rdimm_wrapper.rcd_enabled.genblk1.u_ddr4_dimm.rank_instances[0].even_ranks.u_ddr4_rank.Micron_model.instance_of_sdram_devices[17].micron_mem_model.u_ddr4_model:Configured as x4 8G stack:1
Info: [Unisim HPIO_VREF-1] Fabric Tune Value changed to 0011101. Instance: sim_top_u250.u_top_u250.memory_system_i.memory_system_i.DDR4_MIG.inst.u_ddr4_mem_intfc.u_mig_ddr4_phy.inst.u_ddr_iob.genByte[3].u_ddr_iob_byte.genblk1.genVref.u_hpio_vref
Info: [Unisim HPIO_VREF-1] Fabric Tune Value changed to 0011101. Instance: sim_top_u250.u_top_u250.memory_system_i.memory_system_i.DDR4_MIG.inst.u_ddr4_mem_intfc.u_mig_ddr4_phy.inst.u_ddr_iob.genByte[4].u_ddr_iob_byte.genblk1.genVref.u_hpio_vref
Info: [Unisim HPIO_VREF-1] Fabric Tune Value changed to 0011101. Instance: sim_top_u250.u_top_u250.memory_system_i.memory_system_i.DDR4_MIG.inst.u_ddr4_mem_intfc.u_mig_ddr4_phy.inst.u_ddr_iob.genByte[5].u_ddr_iob_byte.genblk1.genVref.u_hpio_vref
Info: [Unisim HPIO_VREF-1] Fabric Tune Value changed to 0011101. Instance: sim_top_u250.u_top_u250.memory_system_i.memory_system_i.DDR4_MIG.inst.u_ddr4_mem_intfc.u_mig_ddr4_phy.inst.u_ddr_iob.genByte[6].u_ddr_iob_byte.genblk1.genVref.u_hpio_vref
Info: [Unisim HPIO_VREF-1] Fabric Tune Value changed to 0011101. Instance: sim_top_u250.u_top_u250.memory_system_i.memory_system_i.DDR4_MIG.inst.u_ddr4_mem_intfc.u_mig_ddr4_phy.inst.u_ddr_iob.genByte[7].u_ddr_iob_byte.genblk1.genVref.u_hpio_vref
Info: [Unisim HPIO_VREF-1] Fabric Tune Value changed to 0011101. Instance: sim_top_u250.u_top_u250.memory_system_i.memory_system_i.DDR4_MIG.inst.u_ddr4_mem_intfc.u_mig_ddr4_phy.inst.u_ddr_iob.genByte[8].u_ddr_iob_byte.genblk1.genVref.u_hpio_vref
Info: [Unisim HPIO_VREF-1] Fabric Tune Value changed to 0011101. Instance: sim_top_u250.u_top_u250.memory_system_i.memory_system_i.DDR4_MIG.inst.u_ddr4_mem_intfc.u_mig_ddr4_phy.inst.u_ddr_iob.genByte[9].u_ddr_iob_byte.genblk1.genVref.u_hpio_vref
Info: [Unisim HPIO_VREF-1] Fabric Tune Value changed to 0011101. Instance: sim_top_u250.u_top_u250.memory_system_i.memory_system_i.DDR4_MIG.inst.u_ddr4_mem_intfc.u_mig_ddr4_phy.inst.u_ddr_iob.genByte[10].u_ddr_iob_byte.genblk1.genVref.u_hpio_vref
Info: [Unisim HPIO_VREF-1] Fabric Tune Value changed to 0011101. Instance: sim_top_u250.u_top_u250.memory_system_i.memory_system_i.DDR4_MIG.inst.u_ddr4_mem_intfc.u_mig_ddr4_phy.inst.u_ddr_iob.genByte[11].u_ddr_iob_byte.genblk1.genVref.u_hpio_vref
sim_top_u250.instance_of_rdimm_slots[0].u_ddr4_rdimm_wrapper.rcd_enabled.genblk1.u_ddr4_dimm.rank_instances[0].even_ranks.u_ddr4_rank.Micron_model.instance_of_sdram_devices[0].micron_mem_model.u_ddr4_model.always_diff_ck.if_diff_ck:Initialization complete @20729830
sim_top_u250.instance_of_rdimm_slots[0].u_ddr4_rdimm_wrapper.rcd_enabled.genblk1.u_ddr4_dimm.rank_instances[0].even_ranks.u_ddr4_rank.Micron_model.instance_of_sdram_devices[1].micron_mem_model.u_ddr4_model.always_diff_ck.if_diff_ck:Initialization complete @20729830
sim_top_u250.instance_of_rdimm_slots[0].u_ddr4_rdimm_wrapper.rcd_enabled.genblk1.u_ddr4_dimm.rank_instances[0].even_ranks.u_ddr4_rank.Micron_model.instance_of_sdram_devices[2].micron_mem_model.u_ddr4_model.always_diff_ck.if_diff_ck:Initialization complete @20729830
sim_top_u250.instance_of_rdimm_slots[0].u_ddr4_rdimm_wrapper.rcd_enabled.genblk1.u_ddr4_dimm.rank_instances[0].even_ranks.u_ddr4_rank.Micron_model.instance_of_sdram_devices[3].micron_mem_model.u_ddr4_model.always_diff_ck.if_diff_ck:Initialization complete @20729830
sim_top_u250.instance_of_rdimm_slots[0].u_ddr4_rdimm_wrapper.rcd_enabled.genblk1.u_ddr4_dimm.rank_instances[0].even_ranks.u_ddr4_rank.Micron_model.instance_of_sdram_devices[4].micron_mem_model.u_ddr4_model.always_diff_ck.if_diff_ck:Initialization complete @20729830
sim_top_u250.instance_of_rdimm_slots[0].u_ddr4_rdimm_wrapper.rcd_enabled.genblk1.u_ddr4_dimm.rank_instances[0].even_ranks.u_ddr4_rank.Micron_model.instance_of_sdram_devices[5].micron_mem_model.u_ddr4_model.always_diff_ck.if_diff_ck:Initialization complete @20729830
sim_top_u250.instance_of_rdimm_slots[0].u_ddr4_rdimm_wrapper.rcd_enabled.genblk1.u_ddr4_dimm.rank_instances[0].even_ranks.u_ddr4_rank.Micron_model.instance_of_sdram_devices[6].micron_mem_model.u_ddr4_model.always_diff_ck.if_diff_ck:Initialization complete @20729830
sim_top_u250.instance_of_rdimm_slots[0].u_ddr4_rdimm_wrapper.rcd_enabled.genblk1.u_ddr4_dimm.rank_instances[0].even_ranks.u_ddr4_rank.Micron_model.instance_of_sdram_devices[7].micron_mem_model.u_ddr4_model.always_diff_ck.if_diff_ck:Initialization complete @20729830
sim_top_u250.instance_of_rdimm_slots[0].u_ddr4_rdimm_wrapper.rcd_enabled.genblk1.u_ddr4_dimm.rank_instances[0].even_ranks.u_ddr4_rank.Micron_model.instance_of_sdram_devices[8].micron_mem_model.u_ddr4_model.always_diff_ck.if_diff_ck:Initialization complete @20729830
sim_top_u250.instance_of_rdimm_slots[0].u_ddr4_rdimm_wrapper.rcd_enabled.genblk1.u_ddr4_dimm.rank_instances[0].even_ranks.u_ddr4_rank.Micron_model.instance_of_sdram_devices[9].micron_mem_model.u_ddr4_model.always_diff_ck.if_diff_ck:Initialization complete @20836454
sim_top_u250.instance_of_rdimm_slots[0].u_ddr4_rdimm_wrapper.rcd_enabled.genblk1.u_ddr4_dimm.rank_instances[0].even_ranks.u_ddr4_rank.Micron_model.instance_of_sdram_devices[10].micron_mem_model.u_ddr4_model.always_diff_ck.if_diff_ck:Initialization complete @20836454
sim_top_u250.instance_of_rdimm_slots[0].u_ddr4_rdimm_wrapper.rcd_enabled.genblk1.u_ddr4_dimm.rank_instances[0].even_ranks.u_ddr4_rank.Micron_model.instance_of_sdram_devices[11].micron_mem_model.u_ddr4_model.always_diff_ck.if_diff_ck:Initialization complete @20836454
sim_top_u250.instance_of_rdimm_slots[0].u_ddr4_rdimm_wrapper.rcd_enabled.genblk1.u_ddr4_dimm.rank_instances[0].even_ranks.u_ddr4_rank.Micron_model.instance_of_sdram_devices[12].micron_mem_model.u_ddr4_model.always_diff_ck.if_diff_ck:Initialization complete @20836454
sim_top_u250.instance_of_rdimm_slots[0].u_ddr4_rdimm_wrapper.rcd_enabled.genblk1.u_ddr4_dimm.rank_instances[0].even_ranks.u_ddr4_rank.Micron_model.instance_of_sdram_devices[13].micron_mem_model.u_ddr4_model.always_diff_ck.if_diff_ck:Initialization complete @20836454
sim_top_u250.instance_of_rdimm_slots[0].u_ddr4_rdimm_wrapper.rcd_enabled.genblk1.u_ddr4_dimm.rank_instances[0].even_ranks.u_ddr4_rank.Micron_model.instance_of_sdram_devices[14].micron_mem_model.u_ddr4_model.always_diff_ck.if_diff_ck:Initialization complete @20836454
sim_top_u250.instance_of_rdimm_slots[0].u_ddr4_rdimm_wrapper.rcd_enabled.genblk1.u_ddr4_dimm.rank_instances[0].even_ranks.u_ddr4_rank.Micron_model.instance_of_sdram_devices[15].micron_mem_model.u_ddr4_model.always_diff_ck.if_diff_ck:Initialization complete @20836454
sim_top_u250.instance_of_rdimm_slots[0].u_ddr4_rdimm_wrapper.rcd_enabled.genblk1.u_ddr4_dimm.rank_instances[0].even_ranks.u_ddr4_rank.Micron_model.instance_of_sdram_devices[16].micron_mem_model.u_ddr4_model.always_diff_ck.if_diff_ck:Initialization complete @20836454
sim_top_u250.instance_of_rdimm_slots[0].u_ddr4_rdimm_wrapper.rcd_enabled.genblk1.u_ddr4_dimm.rank_instances[0].even_ranks.u_ddr4_rank.Micron_model.instance_of_sdram_devices[17].micron_mem_model.u_ddr4_model.always_diff_ck.if_diff_ck:Initialization complete @20836454
Model:WARNING: Reading unwritten address: C:0 BG:0 B:0 R:0 C:1 dm:0 @22821910
Model:WARNING: Reading unwritten address: C:0 BG:0 B:0 R:0 C:1 dm:0 @22821910
Model:WARNING: Reading unwritten address: C:0 BG:0 B:0 R:0 C:1 dm:0 @22821910
Model:WARNING: Reading unwritten address: C:0 BG:0 B:0 R:0 C:1 dm:0 @22821910
Model:WARNING: Reading unwritten address: C:0 BG:0 B:0 R:0 C:1 dm:0 @22821910
Model:WARNING: Reading unwritten address: C:0 BG:0 B:0 R:0 C:1 dm:0 @22821910
Model:WARNING: Reading unwritten address: C:0 BG:0 B:0 R:0 C:1 dm:0 @22821910
Model:WARNING: Reading unwritten address: C:0 BG:0 B:0 R:0 C:1 dm:0 @22821910
Model:WARNING: Reading unwritten address: C:0 BG:0 B:0 R:0 C:1 dm:0 @22821910
Model:WARNING: Reading unwritten address: C:0 BG:3 B:3 R:2bf8 C:3f9 dm:0 @22821910
Model:WARNING: Reading unwritten address: C:0 BG:3 B:3 R:2bf8 C:3f9 dm:0 @22821910
Model:WARNING: Reading unwritten address: C:0 BG:3 B:3 R:2bf8 C:3f9 dm:0 @22821910
Model:WARNING: Reading unwritten address: C:0 BG:3 B:3 R:2bf8 C:3f9 dm:0 @22821910
Model:WARNING: Reading unwritten address: C:0 BG:3 B:3 R:2bf8 C:3f9 dm:0 @22821910
Model:WARNING: Reading unwritten address: C:0 BG:3 B:3 R:2bf8 C:3f9 dm:0 @22821910
Model:WARNING: Reading unwritten address: C:0 BG:3 B:3 R:2bf8 C:3f9 dm:0 @22821910
Model:WARNING: Reading unwritten address: C:0 BG:3 B:3 R:2bf8 C:3f9 dm:0 @22821910
Model:WARNING: Reading unwritten address: C:0 BG:3 B:3 R:2bf8 C:3f9 dm:0 @22821910
Model:WARNING: Reading unwritten address: C:0 BG:0 B:0 R:0 C:2 dm:0 @22822326
Model:WARNING: Reading unwritten address: C:0 BG:0 B:0 R:0 C:2 dm:0 @22822326
Model:WARNING: Reading unwritten address: C:0 BG:0 B:0 R:0 C:2 dm:0 @22822326
Model:WARNING: Reading unwritten address: C:0 BG:0 B:0 R:0 C:2 dm:0 @22822326
Model:WARNING: Reading unwritten address: C:0 BG:0 B:0 R:0 C:2 dm:0 @22822326
Model:WARNING: Reading unwritten address: C:0 BG:0 B:0 R:0 C:2 dm:0 @22822326
Model:WARNING: Reading unwritten address: C:0 BG:0 B:0 R:0 C:2 dm:0 @22822326
Model:WARNING: Reading unwritten address: C:0 BG:0 B:0 R:0 C:2 dm:0 @22822326
Model:WARNING: Reading unwritten address: C:0 BG:0 B:0 R:0 C:2 dm:0 @22822326
Model:WARNING: Reading unwritten address: C:0 BG:3 B:3 R:2bf8 C:3fa dm:0 @22822326
Model:WARNING: Reading unwritten address: C:0 BG:3 B:3 R:2bf8 C:3fa dm:0 @22822326
Model:WARNING: Reading unwritten address: C:0 BG:3 B:3 R:2bf8 C:3fa dm:0 @22822326
Model:WARNING: Reading unwritten address: C:0 BG:3 B:3 R:2bf8 C:3fa dm:0 @22822326
Model:WARNING: Reading unwritten address: C:0 BG:3 B:3 R:2bf8 C:3fa dm:0 @22822326
Model:WARNING: Reading unwritten address: C:0 BG:3 B:3 R:2bf8 C:3fa dm:0 @22822326
Model:WARNING: Reading unwritten address: C:0 BG:3 B:3 R:2bf8 C:3fa dm:0 @22822326
Model:WARNING: Reading unwritten address: C:0 BG:3 B:3 R:2bf8 C:3fa dm:0 @22822326
Model:WARNING: Reading unwritten address: C:0 BG:3 B:3 R:2bf8 C:3fa dm:0 @22822326
Model:WARNING: Reading unwritten address: C:0 BG:0 B:0 R:0 C:3 dm:0 @22822743
Model:WARNING: Reading unwritten address: C:0 BG:0 B:0 R:0 C:3 dm:0 @22822743
Model:WARNING: Reading unwritten address: C:0 BG:0 B:0 R:0 C:3 dm:0 @22822743
Model:WARNING: Reading unwritten address: C:0 BG:0 B:0 R:0 C:3 dm:0 @22822743
Model:WARNING: Reading unwritten address: C:0 BG:0 B:0 R:0 C:3 dm:0 @22822743
Model:WARNING: Reading unwritten address: C:0 BG:0 B:0 R:0 C:3 dm:0 @22822743
Model:WARNING: Reading unwritten address: C:0 BG:0 B:0 R:0 C:3 dm:0 @22822743
Model:WARNING: Reading unwritten address: C:0 BG:0 B:0 R:0 C:3 dm:0 @22822743
Model:WARNING: Reading unwritten address: C:0 BG:0 B:0 R:0 C:3 dm:0 @22822743
Model:WARNING: Reading unwritten address: C:0 BG:3 B:3 R:2bf8 C:3fb dm:0 @22822743
Model:WARNING: Reading unwritten address: C:0 BG:3 B:3 R:2bf8 C:3fb dm:0 @22822743
Model:WARNING: Reading unwritten address: C:0 BG:3 B:3 R:2bf8 C:3fb dm:0 @22822743
Model:WARNING: Reading unwritten address: C:0 BG:3 B:3 R:2bf8 C:3fb dm:0 @22822743
Model:WARNING: Reading unwritten address: C:0 BG:3 B:3 R:2bf8 C:3fb dm:0 @22822743
Model:WARNING: Reading unwritten address: C:0 BG:3 B:3 R:2bf8 C:3fb dm:0 @22822743
Model:WARNING: Reading unwritten address: C:0 BG:3 B:3 R:2bf8 C:3fb dm:0 @22822743
Model:WARNING: Reading unwritten address: C:0 BG:3 B:3 R:2bf8 C:3fb dm:0 @22822743
Model:WARNING: Reading unwritten address: C:0 BG:3 B:3 R:2bf8 C:3fb dm:0 @22822743
Model:WARNING: Reading unwritten address: C:0 BG:0 B:0 R:0 C:0 dm:0 @22823159
Model:WARNING: Reading unwritten address: C:0 BG:0 B:0 R:0 C:0 dm:0 @22823159
Model:WARNING: Reading unwritten address: C:0 BG:0 B:0 R:0 C:0 dm:0 @22823159
Model:WARNING: Reading unwritten address: C:0 BG:0 B:0 R:0 C:0 dm:0 @22823159
Model:WARNING: Reading unwritten address: C:0 BG:0 B:0 R:0 C:0 dm:0 @22823159
Model:WARNING: Reading unwritten address: C:0 BG:0 B:0 R:0 C:0 dm:0 @22823159
Model:WARNING: Reading unwritten address: C:0 BG:0 B:0 R:0 C:0 dm:0 @22823159
Model:WARNING: Reading unwritten address: C:0 BG:0 B:0 R:0 C:0 dm:0 @22823159
Model:WARNING: Reading unwritten address: C:0 BG:0 B:0 R:0 C:0 dm:0 @22823159
Model:WARNING: Reading unwritten address: C:0 BG:3 B:3 R:2bf8 C:3f8 dm:0 @22823159
Model:WARNING: Reading unwritten address: C:0 BG:3 B:3 R:2bf8 C:3f8 dm:0 @22823159
Model:WARNING: Reading unwritten address: C:0 BG:3 B:3 R:2bf8 C:3f8 dm:0 @22823159
Model:WARNING: Reading unwritten address: C:0 BG:3 B:3 R:2bf8 C:3f8 dm:0 @22823159
Model:WARNING: Reading unwritten address: C:0 BG:3 B:3 R:2bf8 C:3f8 dm:0 @22823159
Model:WARNING: Reading unwritten address: C:0 BG:3 B:3 R:2bf8 C:3f8 dm:0 @22823159
Model:WARNING: Reading unwritten address: C:0 BG:3 B:3 R:2bf8 C:3f8 dm:0 @22823159
Model:WARNING: Reading unwritten address: C:0 BG:3 B:3 R:2bf8 C:3f8 dm:0 @22823159
Model:WARNING: Reading unwritten address: C:0 BG:3 B:3 R:2bf8 C:3f8 dm:0 @22823159
Model:WARNING: Reading unwritten address: C:0 BG:0 B:0 R:0 C:5 dm:0 @22823576
Model:WARNING: Reading unwritten address: C:0 BG:0 B:0 R:0 C:5 dm:0 @22823576
Model:WARNING: Reading unwritten address: C:0 BG:0 B:0 R:0 C:5 dm:0 @22823576
Model:WARNING: Reading unwritten address: C:0 BG:0 B:0 R:0 C:5 dm:0 @22823576
Model:WARNING: Reading unwritten address: C:0 BG:0 B:0 R:0 C:5 dm:0 @22823576
Model:WARNING: Reading unwritten address: C:0 BG:0 B:0 R:0 C:5 dm:0 @22823576
Model:WARNING: Reading unwritten address: C:0 BG:0 B:0 R:0 C:5 dm:0 @22823576
Model:WARNING: Reading unwritten address: C:0 BG:0 B:0 R:0 C:5 dm:0 @22823576
Model:WARNING: Reading unwritten address: C:0 BG:0 B:0 R:0 C:5 dm:0 @22823576
Model:WARNING: Reading unwritten address: C:0 BG:3 B:3 R:2bf8 C:3fd dm:0 @22823576
Model:WARNING: Reading unwritten address: C:0 BG:3 B:3 R:2bf8 C:3fd dm:0 @22823576
Model:WARNING: Reading unwritten address: C:0 BG:3 B:3 R:2bf8 C:3fd dm:0 @22823576
Model:WARNING: Reading unwritten address: C:0 BG:3 B:3 R:2bf8 C:3fd dm:0 @22823576
Model:WARNING: Reading unwritten address: C:0 BG:3 B:3 R:2bf8 C:3fd dm:0 @22823576
Model:WARNING: Reading unwritten address: C:0 BG:3 B:3 R:2bf8 C:3fd dm:0 @22823576
Model:WARNING: Reading unwritten address: C:0 BG:3 B:3 R:2bf8 C:3fd dm:0 @22823576
Model:WARNING: Reading unwritten address: C:0 BG:3 B:3 R:2bf8 C:3fd dm:0 @22823576
Model:WARNING: Reading unwritten address: C:0 BG:3 B:3 R:2bf8 C:3fd dm:0 @22823576
Model:WARNING: Reading unwritten address: C:0 BG:0 B:0 R:0 C:6 dm:0 @22823992
Model:WARNING: Reading unwritten address: C:0 BG:0 B:0 R:0 C:6 dm:0 @22823992
Model:WARNING: Reading unwritten address: C:0 BG:0 B:0 R:0 C:6 dm:0 @22823992
Model:WARNING: Reading unwritten address: C:0 BG:0 B:0 R:0 C:6 dm:0 @22823992
Model:WARNING: Reading unwritten address: C:0 BG:0 B:0 R:0 C:6 dm:0 @22823992
Model:WARNING: Reading unwritten address: C:0 BG:0 B:0 R:0 C:6 dm:0 @22823992
Model:WARNING: Reading unwritten address: C:0 BG:0 B:0 R:0 C:6 dm:0 @22823992
Model:WARNING: Reading unwritten address: C:0 BG:0 B:0 R:0 C:6 dm:0 @22823992
Model:WARNING: Reading unwritten address: C:0 BG:0 B:0 R:0 C:6 dm:0 @22823992
Model:WARNING: Reading unwritten address: C:0 BG:3 B:3 R:2bf8 C:3fe dm:0 @22823992
Model:WARNING: Reading unwritten address: C:0 BG:3 B:3 R:2bf8 C:3fe dm:0 @22823992
Model:WARNING: Reading unwritten address: C:0 BG:3 B:3 R:2bf8 C:3fe dm:0 @22823992
Model:WARNING: Reading unwritten address: C:0 BG:3 B:3 R:2bf8 C:3fe dm:0 @22823992
Model:WARNING: Reading unwritten address: C:0 BG:3 B:3 R:2bf8 C:3fe dm:0 @22823992
Model:WARNING: Reading unwritten address: C:0 BG:3 B:3 R:2bf8 C:3fe dm:0 @22823992
Model:WARNING: Reading unwritten address: C:0 BG:3 B:3 R:2bf8 C:3fe dm:0 @22823992
Model:WARNING: Reading unwritten address: C:0 BG:3 B:3 R:2bf8 C:3fe dm:0 @22823992
Model:WARNING: Reading unwritten address: C:0 BG:3 B:3 R:2bf8 C:3fe dm:0 @22823992
Model:WARNING: Reading unwritten address: C:0 BG:0 B:0 R:0 C:7 dm:0 @22824409
Model:WARNING: Reading unwritten address: C:0 BG:0 B:0 R:0 C:7 dm:0 @22824409
Model:WARNING: Reading unwritten address: C:0 BG:0 B:0 R:0 C:7 dm:0 @22824409
Model:WARNING: Reading unwritten address: C:0 BG:0 B:0 R:0 C:7 dm:0 @22824409
Model:WARNING: Reading unwritten address: C:0 BG:0 B:0 R:0 C:7 dm:0 @22824409
Model:WARNING: Reading unwritten address: C:0 BG:0 B:0 R:0 C:7 dm:0 @22824409
Model:WARNING: Reading unwritten address: C:0 BG:0 B:0 R:0 C:7 dm:0 @22824409
Model:WARNING: Reading unwritten address: C:0 BG:0 B:0 R:0 C:7 dm:0 @22824409
Model:WARNING: Reading unwritten address: C:0 BG:0 B:0 R:0 C:7 dm:0 @22824409
Model:WARNING: Reading unwritten address: C:0 BG:3 B:3 R:2bf8 C:3ff dm:0 @22824409
Model:WARNING: Reading unwritten address: C:0 BG:3 B:3 R:2bf8 C:3ff dm:0 @22824409
Model:WARNING: Reading unwritten address: C:0 BG:3 B:3 R:2bf8 C:3ff dm:0 @22824409
Model:WARNING: Reading unwritten address: C:0 BG:3 B:3 R:2bf8 C:3ff dm:0 @22824409
Model:WARNING: Reading unwritten address: C:0 BG:3 B:3 R:2bf8 C:3ff dm:0 @22824409
Model:WARNING: Reading unwritten address: C:0 BG:3 B:3 R:2bf8 C:3ff dm:0 @22824409
Model:WARNING: Reading unwritten address: C:0 BG:3 B:3 R:2bf8 C:3ff dm:0 @22824409
Model:WARNING: Reading unwritten address: C:0 BG:3 B:3 R:2bf8 C:3ff dm:0 @22824409
Model:WARNING: Reading unwritten address: C:0 BG:3 B:3 R:2bf8 C:3ff dm:0 @22824409
Model:WARNING: Reading unwritten address: C:0 BG:0 B:0 R:0 C:4 dm:0 @22824825
Model:WARNING: Reading unwritten address: C:0 BG:0 B:0 R:0 C:4 dm:0 @22824825
Model:WARNING: Reading unwritten address: C:0 BG:0 B:0 R:0 C:4 dm:0 @22824825
Model:WARNING: Reading unwritten address: C:0 BG:0 B:0 R:0 C:4 dm:0 @22824825
Model:WARNING: Reading unwritten address: C:0 BG:0 B:0 R:0 C:4 dm:0 @22824825
Model:WARNING: Reading unwritten address: C:0 BG:0 B:0 R:0 C:4 dm:0 @22824825
Model:WARNING: Reading unwritten address: C:0 BG:0 B:0 R:0 C:4 dm:0 @22824825
Model:WARNING: Reading unwritten address: C:0 BG:0 B:0 R:0 C:4 dm:0 @22824825
Model:WARNING: Reading unwritten address: C:0 BG:0 B:0 R:0 C:4 dm:0 @22824825
Model:WARNING: Reading unwritten address: C:0 BG:3 B:3 R:2bf8 C:3fc dm:0 @22824825
Model:WARNING: Reading unwritten address: C:0 BG:3 B:3 R:2bf8 C:3fc dm:0 @22824825
Model:WARNING: Reading unwritten address: C:0 BG:3 B:3 R:2bf8 C:3fc dm:0 @22824825
Model:WARNING: Reading unwritten address: C:0 BG:3 B:3 R:2bf8 C:3fc dm:0 @22824825
Model:WARNING: Reading unwritten address: C:0 BG:3 B:3 R:2bf8 C:3fc dm:0 @22824825
Model:WARNING: Reading unwritten address: C:0 BG:3 B:3 R:2bf8 C:3fc dm:0 @22824825
Model:WARNING: Reading unwritten address: C:0 BG:3 B:3 R:2bf8 C:3fc dm:0 @22824825
Model:WARNING: Reading unwritten address: C:0 BG:3 B:3 R:2bf8 C:3fc dm:0 @22824825
Model:WARNING: Reading unwritten address: C:0 BG:3 B:3 R:2bf8 C:3fc dm:0 @22824825
Model:WARNING: Reading unwritten address: C:0 BG:0 B:0 R:0 C:1 dm:0 @23818178
Model:WARNING: Reading unwritten address: C:0 BG:0 B:0 R:0 C:1 dm:0 @23818178
Model:WARNING: Reading unwritten address: C:0 BG:0 B:0 R:0 C:1 dm:0 @23818178
Model:WARNING: Reading unwritten address: C:0 BG:0 B:0 R:0 C:1 dm:0 @23818178
Model:WARNING: Reading unwritten address: C:0 BG:0 B:0 R:0 C:1 dm:0 @23818178
Model:WARNING: Reading unwritten address: C:0 BG:0 B:0 R:0 C:1 dm:0 @23818178
Model:WARNING: Reading unwritten address: C:0 BG:0 B:0 R:0 C:1 dm:0 @23818178
Model:WARNING: Reading unwritten address: C:0 BG:0 B:0 R:0 C:1 dm:0 @23818178
Model:WARNING: Reading unwritten address: C:0 BG:0 B:0 R:0 C:1 dm:0 @23818178
Model:WARNING: Reading unwritten address: C:0 BG:3 B:3 R:2bf8 C:3f9 dm:0 @23818178
Model:WARNING: Reading unwritten address: C:0 BG:3 B:3 R:2bf8 C:3f9 dm:0 @23818178
Model:WARNING: Reading unwritten address: C:0 BG:3 B:3 R:2bf8 C:3f9 dm:0 @23818178
Model:WARNING: Reading unwritten address: C:0 BG:3 B:3 R:2bf8 C:3f9 dm:0 @23818178
Model:WARNING: Reading unwritten address: C:0 BG:3 B:3 R:2bf8 C:3f9 dm:0 @23818178
Model:WARNING: Reading unwritten address: C:0 BG:3 B:3 R:2bf8 C:3f9 dm:0 @23818178
Model:WARNING: Reading unwritten address: C:0 BG:3 B:3 R:2bf8 C:3f9 dm:0 @23818178
Model:WARNING: Reading unwritten address: C:0 BG:3 B:3 R:2bf8 C:3f9 dm:0 @23818178
Model:WARNING: Reading unwritten address: C:0 BG:3 B:3 R:2bf8 C:3f9 dm:0 @23818178
Model:WARNING: Reading unwritten address: C:0 BG:0 B:0 R:0 C:2 dm:0 @23818594
Model:WARNING: Reading unwritten address: C:0 BG:0 B:0 R:0 C:2 dm:0 @23818594
Model:WARNING: Reading unwritten address: C:0 BG:0 B:0 R:0 C:2 dm:0 @23818594
Model:WARNING: Reading unwritten address: C:0 BG:0 B:0 R:0 C:2 dm:0 @23818594
Model:WARNING: Reading unwritten address: C:0 BG:0 B:0 R:0 C:2 dm:0 @23818594
Model:WARNING: Reading unwritten address: C:0 BG:0 B:0 R:0 C:2 dm:0 @23818594
Model:WARNING: Reading unwritten address: C:0 BG:0 B:0 R:0 C:2 dm:0 @23818594
Model:WARNING: Reading unwritten address: C:0 BG:0 B:0 R:0 C:2 dm:0 @23818594
Model:WARNING: Reading unwritten address: C:0 BG:0 B:0 R:0 C:2 dm:0 @23818594
Model:WARNING: Reading unwritten address: C:0 BG:3 B:3 R:2bf8 C:3fa dm:0 @23818594
Model:WARNING: Reading unwritten address: C:0 BG:3 B:3 R:2bf8 C:3fa dm:0 @23818594
Model:WARNING: Reading unwritten address: C:0 BG:3 B:3 R:2bf8 C:3fa dm:0 @23818594
Model:WARNING: Reading unwritten address: C:0 BG:3 B:3 R:2bf8 C:3fa dm:0 @23818594
Model:WARNING: Reading unwritten address: C:0 BG:3 B:3 R:2bf8 C:3fa dm:0 @23818594
Model:WARNING: Reading unwritten address: C:0 BG:3 B:3 R:2bf8 C:3fa dm:0 @23818594
Model:WARNING: Reading unwritten address: C:0 BG:3 B:3 R:2bf8 C:3fa dm:0 @23818594
Model:WARNING: Reading unwritten address: C:0 BG:3 B:3 R:2bf8 C:3fa dm:0 @23818594
Model:WARNING: Reading unwritten address: C:0 BG:3 B:3 R:2bf8 C:3fa dm:0 @23818594
Model:WARNING: Reading unwritten address: C:0 BG:0 B:0 R:0 C:3 dm:0 @23819011
Model:WARNING: Reading unwritten address: C:0 BG:0 B:0 R:0 C:3 dm:0 @23819011
Model:WARNING: Reading unwritten address: C:0 BG:0 B:0 R:0 C:3 dm:0 @23819011
Model:WARNING: Reading unwritten address: C:0 BG:0 B:0 R:0 C:3 dm:0 @23819011
Model:WARNING: Reading unwritten address: C:0 BG:0 B:0 R:0 C:3 dm:0 @23819011
Model:WARNING: Reading unwritten address: C:0 BG:0 B:0 R:0 C:3 dm:0 @23819011
Model:WARNING: Reading unwritten address: C:0 BG:0 B:0 R:0 C:3 dm:0 @23819011
Model:WARNING: Reading unwritten address: C:0 BG:0 B:0 R:0 C:3 dm:0 @23819011
Model:WARNING: Reading unwritten address: C:0 BG:0 B:0 R:0 C:3 dm:0 @23819011
Model:WARNING: Reading unwritten address: C:0 BG:3 B:3 R:2bf8 C:3fb dm:0 @23819011
Model:WARNING: Reading unwritten address: C:0 BG:3 B:3 R:2bf8 C:3fb dm:0 @23819011
Model:WARNING: Reading unwritten address: C:0 BG:3 B:3 R:2bf8 C:3fb dm:0 @23819011
Model:WARNING: Reading unwritten address: C:0 BG:3 B:3 R:2bf8 C:3fb dm:0 @23819011
Model:WARNING: Reading unwritten address: C:0 BG:3 B:3 R:2bf8 C:3fb dm:0 @23819011
Model:WARNING: Reading unwritten address: C:0 BG:3 B:3 R:2bf8 C:3fb dm:0 @23819011
Model:WARNING: Reading unwritten address: C:0 BG:3 B:3 R:2bf8 C:3fb dm:0 @23819011
Model:WARNING: Reading unwritten address: C:0 BG:3 B:3 R:2bf8 C:3fb dm:0 @23819011
Model:WARNING: Reading unwritten address: C:0 BG:3 B:3 R:2bf8 C:3fb dm:0 @23819011
Model:WARNING: Reading unwritten address: C:0 BG:0 B:0 R:0 C:0 dm:0 @23819427
Model:WARNING: Reading unwritten address: C:0 BG:0 B:0 R:0 C:0 dm:0 @23819427
Model:WARNING: Reading unwritten address: C:0 BG:0 B:0 R:0 C:0 dm:0 @23819427
Model:WARNING: Reading unwritten address: C:0 BG:0 B:0 R:0 C:0 dm:0 @23819427
Model:WARNING: Reading unwritten address: C:0 BG:0 B:0 R:0 C:0 dm:0 @23819427
Model:WARNING: Reading unwritten address: C:0 BG:0 B:0 R:0 C:0 dm:0 @23819427
Model:WARNING: Reading unwritten address: C:0 BG:0 B:0 R:0 C:0 dm:0 @23819427
Model:WARNING: Reading unwritten address: C:0 BG:0 B:0 R:0 C:0 dm:0 @23819427
Model:WARNING: Reading unwritten address: C:0 BG:0 B:0 R:0 C:0 dm:0 @23819427
Model:WARNING: Reading unwritten address: C:0 BG:3 B:3 R:2bf8 C:3f8 dm:0 @23819427
Model:WARNING: Reading unwritten address: C:0 BG:3 B:3 R:2bf8 C:3f8 dm:0 @23819427
Model:WARNING: Reading unwritten address: C:0 BG:3 B:3 R:2bf8 C:3f8 dm:0 @23819427
Model:WARNING: Reading unwritten address: C:0 BG:3 B:3 R:2bf8 C:3f8 dm:0 @23819427
Model:WARNING: Reading unwritten address: C:0 BG:3 B:3 R:2bf8 C:3f8 dm:0 @23819427
Model:WARNING: Reading unwritten address: C:0 BG:3 B:3 R:2bf8 C:3f8 dm:0 @23819427
Model:WARNING: Reading unwritten address: C:0 BG:3 B:3 R:2bf8 C:3f8 dm:0 @23819427
Model:WARNING: Reading unwritten address: C:0 BG:3 B:3 R:2bf8 C:3f8 dm:0 @23819427
Model:WARNING: Reading unwritten address: C:0 BG:3 B:3 R:2bf8 C:3f8 dm:0 @23819427
Model:WARNING: Reading unwritten address: C:0 BG:0 B:0 R:0 C:5 dm:0 @23819844
Model:WARNING: Reading unwritten address: C:0 BG:0 B:0 R:0 C:5 dm:0 @23819844
Model:WARNING: Reading unwritten address: C:0 BG:0 B:0 R:0 C:5 dm:0 @23819844
Model:WARNING: Reading unwritten address: C:0 BG:0 B:0 R:0 C:5 dm:0 @23819844
Model:WARNING: Reading unwritten address: C:0 BG:0 B:0 R:0 C:5 dm:0 @23819844
Model:WARNING: Reading unwritten address: C:0 BG:0 B:0 R:0 C:5 dm:0 @23819844
Model:WARNING: Reading unwritten address: C:0 BG:0 B:0 R:0 C:5 dm:0 @23819844
Model:WARNING: Reading unwritten address: C:0 BG:0 B:0 R:0 C:5 dm:0 @23819844
Model:WARNING: Reading unwritten address: C:0 BG:0 B:0 R:0 C:5 dm:0 @23819844
Model:WARNING: Reading unwritten address: C:0 BG:3 B:3 R:2bf8 C:3fd dm:0 @23819844
Model:WARNING: Reading unwritten address: C:0 BG:3 B:3 R:2bf8 C:3fd dm:0 @23819844
Model:WARNING: Reading unwritten address: C:0 BG:3 B:3 R:2bf8 C:3fd dm:0 @23819844
Model:WARNING: Reading unwritten address: C:0 BG:3 B:3 R:2bf8 C:3fd dm:0 @23819844
Model:WARNING: Reading unwritten address: C:0 BG:3 B:3 R:2bf8 C:3fd dm:0 @23819844
Model:WARNING: Reading unwritten address: C:0 BG:3 B:3 R:2bf8 C:3fd dm:0 @23819844
Model:WARNING: Reading unwritten address: C:0 BG:3 B:3 R:2bf8 C:3fd dm:0 @23819844
Model:WARNING: Reading unwritten address: C:0 BG:3 B:3 R:2bf8 C:3fd dm:0 @23819844
Model:WARNING: Reading unwritten address: C:0 BG:3 B:3 R:2bf8 C:3fd dm:0 @23819844
Model:WARNING: Reading unwritten address: C:0 BG:0 B:0 R:0 C:6 dm:0 @23820260
Model:WARNING: Reading unwritten address: C:0 BG:0 B:0 R:0 C:6 dm:0 @23820260
Model:WARNING: Reading unwritten address: C:0 BG:0 B:0 R:0 C:6 dm:0 @23820260
Model:WARNING: Reading unwritten address: C:0 BG:0 B:0 R:0 C:6 dm:0 @23820260
Model:WARNING: Reading unwritten address: C:0 BG:0 B:0 R:0 C:6 dm:0 @23820260
Model:WARNING: Reading unwritten address: C:0 BG:0 B:0 R:0 C:6 dm:0 @23820260
Model:WARNING: Reading unwritten address: C:0 BG:0 B:0 R:0 C:6 dm:0 @23820260
Model:WARNING: Reading unwritten address: C:0 BG:0 B:0 R:0 C:6 dm:0 @23820260
Model:WARNING: Reading unwritten address: C:0 BG:0 B:0 R:0 C:6 dm:0 @23820260
Model:WARNING: Reading unwritten address: C:0 BG:3 B:3 R:2bf8 C:3fe dm:0 @23820260
Model:WARNING: Reading unwritten address: C:0 BG:3 B:3 R:2bf8 C:3fe dm:0 @23820260
Model:WARNING: Reading unwritten address: C:0 BG:3 B:3 R:2bf8 C:3fe dm:0 @23820260
Model:WARNING: Reading unwritten address: C:0 BG:3 B:3 R:2bf8 C:3fe dm:0 @23820260
Model:WARNING: Reading unwritten address: C:0 BG:3 B:3 R:2bf8 C:3fe dm:0 @23820260
Model:WARNING: Reading unwritten address: C:0 BG:3 B:3 R:2bf8 C:3fe dm:0 @23820260
Model:WARNING: Reading unwritten address: C:0 BG:3 B:3 R:2bf8 C:3fe dm:0 @23820260
Model:WARNING: Reading unwritten address: C:0 BG:3 B:3 R:2bf8 C:3fe dm:0 @23820260
Model:WARNING: Reading unwritten address: C:0 BG:3 B:3 R:2bf8 C:3fe dm:0 @23820260
Model:WARNING: Reading unwritten address: C:0 BG:0 B:0 R:0 C:7 dm:0 @23820677
Model:WARNING: Reading unwritten address: C:0 BG:0 B:0 R:0 C:7 dm:0 @23820677
Model:WARNING: Reading unwritten address: C:0 BG:0 B:0 R:0 C:7 dm:0 @23820677
Model:WARNING: Reading unwritten address: C:0 BG:0 B:0 R:0 C:7 dm:0 @23820677
Model:WARNING: Reading unwritten address: C:0 BG:0 B:0 R:0 C:7 dm:0 @23820677
Model:WARNING: Reading unwritten address: C:0 BG:0 B:0 R:0 C:7 dm:0 @23820677
Model:WARNING: Reading unwritten address: C:0 BG:0 B:0 R:0 C:7 dm:0 @23820677
Model:WARNING: Reading unwritten address: C:0 BG:0 B:0 R:0 C:7 dm:0 @23820677
Model:WARNING: Reading unwritten address: C:0 BG:0 B:0 R:0 C:7 dm:0 @23820677
Model:WARNING: Reading unwritten address: C:0 BG:3 B:3 R:2bf8 C:3ff dm:0 @23820677
Model:WARNING: Reading unwritten address: C:0 BG:3 B:3 R:2bf8 C:3ff dm:0 @23820677
Model:WARNING: Reading unwritten address: C:0 BG:3 B:3 R:2bf8 C:3ff dm:0 @23820677
Model:WARNING: Reading unwritten address: C:0 BG:3 B:3 R:2bf8 C:3ff dm:0 @23820677
Model:WARNING: Reading unwritten address: C:0 BG:3 B:3 R:2bf8 C:3ff dm:0 @23820677
Model:WARNING: Reading unwritten address: C:0 BG:3 B:3 R:2bf8 C:3ff dm:0 @23820677
Model:WARNING: Reading unwritten address: C:0 BG:3 B:3 R:2bf8 C:3ff dm:0 @23820677
Model:WARNING: Reading unwritten address: C:0 BG:3 B:3 R:2bf8 C:3ff dm:0 @23820677
Model:WARNING: Reading unwritten address: C:0 BG:3 B:3 R:2bf8 C:3ff dm:0 @23820677
Model:WARNING: Reading unwritten address: C:0 BG:0 B:0 R:0 C:4 dm:0 @23821093
Model:WARNING: Reading unwritten address: C:0 BG:0 B:0 R:0 C:4 dm:0 @23821093
Model:WARNING: Reading unwritten address: C:0 BG:0 B:0 R:0 C:4 dm:0 @23821093
Model:WARNING: Reading unwritten address: C:0 BG:0 B:0 R:0 C:4 dm:0 @23821093
Model:WARNING: Reading unwritten address: C:0 BG:0 B:0 R:0 C:4 dm:0 @23821093
Model:WARNING: Reading unwritten address: C:0 BG:0 B:0 R:0 C:4 dm:0 @23821093
Model:WARNING: Reading unwritten address: C:0 BG:0 B:0 R:0 C:4 dm:0 @23821093
Model:WARNING: Reading unwritten address: C:0 BG:0 B:0 R:0 C:4 dm:0 @23821093
Model:WARNING: Reading unwritten address: C:0 BG:0 B:0 R:0 C:4 dm:0 @23821093
Model:WARNING: Reading unwritten address: C:0 BG:3 B:3 R:2bf8 C:3fc dm:0 @23821093
Model:WARNING: Reading unwritten address: C:0 BG:3 B:3 R:2bf8 C:3fc dm:0 @23821093
Model:WARNING: Reading unwritten address: C:0 BG:3 B:3 R:2bf8 C:3fc dm:0 @23821093
Model:WARNING: Reading unwritten address: C:0 BG:3 B:3 R:2bf8 C:3fc dm:0 @23821093
Model:WARNING: Reading unwritten address: C:0 BG:3 B:3 R:2bf8 C:3fc dm:0 @23821093
Model:WARNING: Reading unwritten address: C:0 BG:3 B:3 R:2bf8 C:3fc dm:0 @23821093
Model:WARNING: Reading unwritten address: C:0 BG:3 B:3 R:2bf8 C:3fc dm:0 @23821093
Model:WARNING: Reading unwritten address: C:0 BG:3 B:3 R:2bf8 C:3fc dm:0 @23821093
Model:WARNING: Reading unwritten address: C:0 BG:3 B:3 R:2bf8 C:3fc dm:0 @23821093
INFO: xsimkernel Simulation Memory Usage: 325196 KB (Peak: 325196 KB), Simulation CPU Usage: 32380 ms
